This file contains any messages produced by compilers while
running configure, to aid debugging if configure makes a mistake.

It was created by configure, which was
generated by GNU Autoconf 2.63.  Invocation command line was

  $ ./configure 

## --------- ##
## Platform. ##
## --------- ##

hostname = probotix-desktop
uname -m = i686
uname -r = 2.6.32-122-rtai
uname -s = Linux
uname -v = #rtai SMP Tue Jul 27 12:44:07 CDT 2010

/usr/bin/uname -p = unknown
/bin/uname -X     = unknown

/bin/arch              = unknown
/usr/bin/arch -k       = unknown
/usr/convex/getsysinfo = unknown
/usr/bin/hostinfo      = unknown
/bin/machine           = unknown
/usr/bin/oslevel       = unknown
/bin/universe          = unknown

PATH: /usr/local/sbin
PATH: /usr/local/bin
PATH: /usr/sbin
PATH: /usr/bin
PATH: /sbin
PATH: /bin
PATH: /usr/X11R6/bin


## ----------- ##
## Core tests. ##
## ----------- ##

configure:1887: checking for a BSD-compatible install
configure:1955: result: /usr/bin/install -c
configure:1966: checking whether build environment is sane
configure:2026: result: yes
configure:2167: checking for a thread-safe mkdir -p
configure:2206: result: /bin/mkdir -p
configure:2219: checking for gawk
configure:2235: found /usr/bin/gawk
configure:2246: result: gawk
configure:2257: checking whether make sets $(MAKE)
configure:2279: result: yes
configure:2410: checking for gcc
configure:2426: found /usr/bin/gcc
configure:2437: result: gcc
configure:2669: checking for C compiler version
configure:2677: gcc --version >&5
gcc (Ubuntu 4.4.3-4ubuntu5.1) 4.4.3
Copyright (C) 2009 Free Software Foundation, Inc.
This is free software; see the source for copying conditions.  There is NO
warranty; not even for MERCHANTABILITY or FITNESS FOR A PARTICULAR PURPOSE.

configure:2681: $? = 0
configure:2688: gcc -v >&5
Using built-in specs.
Target: i486-linux-gnu
Configured with: ../src/configure -v --with-pkgversion='Ubuntu 4.4.3-4ubuntu5.1' --with-bugurl=file:///usr/share/doc/gcc-4.4/README.Bugs --enable-languages=c,c++,fortran,objc,obj-c++ --prefix=/usr --enable-shared --enable-multiarch --enable-linker-build-id --with-system-zlib --libexecdir=/usr/lib --without-included-gettext --enable-threads=posix --with-gxx-include-dir=/usr/include/c++/4.4 --program-suffix=-4.4 --enable-nls --enable-clocale=gnu --enable-libstdcxx-debug --enable-plugin --enable-objc-gc --enable-targets=all --disable-werror --with-arch-32=i486 --with-tune=generic --enable-checking=release --build=i486-linux-gnu --host=i486-linux-gnu --target=i486-linux-gnu
Thread model: posix
gcc version 4.4.3 (Ubuntu 4.4.3-4ubuntu5.1) 
configure:2692: $? = 0
configure:2699: gcc -V >&5
gcc: '-V' option must have argument
configure:2703: $? = 1
configure:2726: checking for C compiler default output file name
configure:2748: gcc    conftest.c  >&5
configure:2752: $? = 0
configure:2790: result: a.out
configure:2809: checking whether the C compiler works
configure:2819: ./a.out
configure:2823: $? = 0
configure:2842: result: yes
configure:2849: checking whether we are cross compiling
configure:2851: result: no
configure:2854: checking for suffix of executables
configure:2861: gcc -o conftest    conftest.c  >&5
configure:2865: $? = 0
configure:2891: result: 
configure:2897: checking for suffix of object files
configure:2923: gcc -c   conftest.c >&5
configure:2927: $? = 0
configure:2952: result: o
configure:2956: checking whether we are using the GNU C compiler
configure:2985: gcc -c   conftest.c >&5
configure:2992: $? = 0
configure:3009: result: yes
configure:3018: checking whether gcc accepts -g
configure:3048: gcc -c -g  conftest.c >&5
configure:3055: $? = 0
configure:3156: result: yes
configure:3173: checking for gcc option to accept ISO C89
configure:3247: gcc  -c -g -O2  conftest.c >&5
configure:3254: $? = 0
configure:3277: result: none needed
configure:3306: checking for style of include used by make
configure:3334: result: GNU
configure:3359: checking dependency style of gcc
configure:3469: result: gcc3
configure:3527: checking for ranlib
configure:3543: found /usr/bin/ranlib
configure:3554: result: ranlib
configure:3582: checking how to run the C preprocessor
configure:3622: gcc -E  conftest.c
configure:3629: $? = 0
configure:3660: gcc -E  conftest.c
conftest.c:10:28: error: ac_nonexistent.h: No such file or directory
configure:3667: $? = 1
configure: failed program was:
| /* confdefs.h.  */
| #define PACKAGE_NAME ""
| #define PACKAGE_TARNAME ""
| #define PACKAGE_VERSION ""
| #define PACKAGE_STRING ""
| #define PACKAGE_BUGREPORT ""
| #define PACKAGE "numlockx"
| #define VERSION "1.2"
| /* end confdefs.h.  */
| #include <ac_nonexistent.h>
configure:3700: result: gcc -E
configure:3729: gcc -E  conftest.c
configure:3736: $? = 0
configure:3767: gcc -E  conftest.c
conftest.c:10:28: error: ac_nonexistent.h: No such file or directory
configure:3774: $? = 1
configure: failed program was:
| /* confdefs.h.  */
| #define PACKAGE_NAME ""
| #define PACKAGE_TARNAME ""
| #define PACKAGE_VERSION ""
| #define PACKAGE_STRING ""
| #define PACKAGE_BUGREPORT ""
| #define PACKAGE "numlockx"
| #define VERSION "1.2"
| /* end confdefs.h.  */
| #include <ac_nonexistent.h>
configure:3814: checking for X
configure:3929: gcc -E  conftest.c
configure:3936: $? = 0
configure:3985: gcc -o conftest -g -O2   conftest.c -lX11  >&5
configure:3992: $? = 0
configure:4054: result: libraries , headers 
configure:4062: checking for X
configure:4080: found /usr/bin/X
configure:4092: result: /usr/bin/X
configure:4152: checking for X
configure:4406: result: libraries , headers 
configure:4440: checking for IceConnectionNumber in -lICE
configure:4475: gcc -o conftest -g -O2   -L/usr/lib conftest.c -lICE   >&5
configure:4482: $? = 0
configure:4503: result: yes
configure:4517: checking for libXext
configure:4554: gcc -o conftest -g -O2    conftest.c -lXext -lX11  >&5
configure:4561: $? = 0
configure:4588: result: yes
configure:4602: checking for grep that handles long lines and -e
configure:4662: result: /bin/grep
configure:4667: checking for egrep
configure:4731: result: /bin/grep -E
configure:4736: checking for ANSI C header files
configure:4766: gcc -c -g -O2  conftest.c >&5
configure:4773: $? = 0
configure:4872: gcc -o conftest -g -O2   conftest.c  >&5
configure:4876: $? = 0
configure:4882: ./conftest
configure:4886: $? = 0
configure:4904: result: yes
configure:4928: checking for sys/types.h
configure:4949: gcc -c -g -O2  conftest.c >&5
configure:4956: $? = 0
configure:4973: result: yes
configure:4928: checking for sys/stat.h
configure:4949: gcc -c -g -O2  conftest.c >&5
configure:4956: $? = 0
configure:4973: result: yes
configure:4928: checking for stdlib.h
configure:4949: gcc -c -g -O2  conftest.c >&5
configure:4956: $? = 0
configure:4973: result: yes
configure:4928: checking for string.h
configure:4949: gcc -c -g -O2  conftest.c >&5
configure:4956: $? = 0
configure:4973: result: yes
configure:4928: checking for memory.h
configure:4949: gcc -c -g -O2  conftest.c >&5
configure:4956: $? = 0
configure:4973: result: yes
configure:4928: checking for strings.h
configure:4949: gcc -c -g -O2  conftest.c >&5
configure:4956: $? = 0
configure:4973: result: yes
configure:4928: checking for inttypes.h
configure:4949: gcc -c -g -O2  conftest.c >&5
configure:4956: $? = 0
configure:4973: result: yes
configure:4928: checking for stdint.h
configure:4949: gcc -c -g -O2  conftest.c >&5
configure:4956: $? = 0
configure:4973: result: yes
configure:4928: checking for unistd.h
configure:4949: gcc -c -g -O2  conftest.c >&5
configure:4956: $? = 0
configure:4973: result: yes
configure:5000: checking X11/XKBlib.h usability
configure:5017: gcc -c -g -O2  conftest.c >&5
configure:5024: $? = 0
configure:5038: result: yes
configure:5042: checking X11/XKBlib.h presence
configure:5057: gcc -E  conftest.c
configure:5064: $? = 0
configure:5078: result: yes
configure:5106: checking for X11/XKBlib.h
configure:5113: result: yes
configure:5118: checking for XkbLockModifiers in -lXext
configure:5153: gcc -o conftest -g -O2   conftest.c -lXext -lX11     >&5
configure:5160: $? = 0
configure:5181: result: yes
configure:5211: checking X11/extensions/XTest.h usability
configure:5228: gcc -c -g -O2  conftest.c >&5
conftest.c:54:34: error: X11/extensions/XTest.h: No such file or directory
configure:5235: $? = 1
configure: failed program was:
| /* confdefs.h.  */
| #define PACKAGE_NAME ""
| #define PACKAGE_TARNAME ""
| #define PACKAGE_VERSION ""
| #define PACKAGE_STRING ""
| #define PACKAGE_BUGREPORT ""
| #define PACKAGE "numlockx"
| #define VERSION "1.2"
| #define STDC_HEADERS 1
| #define HAVE_SYS_TYPES_H 1
| #define HAVE_SYS_STAT_H 1
| #define HAVE_STDLIB_H 1
| #define HAVE_STRING_H 1
| #define HAVE_MEMORY_H 1
| #define HAVE_STRINGS_H 1
| #define HAVE_INTTYPES_H 1
| #define HAVE_STDINT_H 1
| #define HAVE_UNISTD_H 1
| #define HAVE_XKB 1
| /* end confdefs.h.  */
| #include <stdio.h>
| #ifdef HAVE_SYS_TYPES_H
| # include <sys/types.h>
| #endif
| #ifdef HAVE_SYS_STAT_H
| # include <sys/stat.h>
| #endif
| #ifdef STDC_HEADERS
| # include <stdlib.h>
| # include <stddef.h>
| #else
| # ifdef HAVE_STDLIB_H
| #  include <stdlib.h>
| # endif
| #endif
| #ifdef HAVE_STRING_H
| # if !defined STDC_HEADERS && defined HAVE_MEMORY_H
| #  include <memory.h>
| # endif
| # include <string.h>
| #endif
| #ifdef HAVE_STRINGS_H
| # include <strings.h>
| #endif
| #ifdef HAVE_INTTYPES_H
| # include <inttypes.h>
| #endif
| #ifdef HAVE_STDINT_H
| # include <stdint.h>
| #endif
| #ifdef HAVE_UNISTD_H
| # include <unistd.h>
| #endif
| #include <X11/extensions/XTest.h>
configure:5249: result: no
configure:5253: checking X11/extensions/XTest.h presence
configure:5268: gcc -E  conftest.c
conftest.c:21:34: error: X11/extensions/XTest.h: No such file or directory
configure:5275: $? = 1
configure: failed program was:
| /* confdefs.h.  */
| #define PACKAGE_NAME ""
| #define PACKAGE_TARNAME ""
| #define PACKAGE_VERSION ""
| #define PACKAGE_STRING ""
| #define PACKAGE_BUGREPORT ""
| #define PACKAGE "numlockx"
| #define VERSION "1.2"
| #define STDC_HEADERS 1
| #define HAVE_SYS_TYPES_H 1
| #define HAVE_SYS_STAT_H 1
| #define HAVE_STDLIB_H 1
| #define HAVE_STRING_H 1
| #define HAVE_MEMORY_H 1
| #define HAVE_STRINGS_H 1
| #define HAVE_INTTYPES_H 1
| #define HAVE_STDINT_H 1
| #define HAVE_UNISTD_H 1
| #define HAVE_XKB 1
| /* end confdefs.h.  */
| #include <X11/extensions/XTest.h>
configure:5289: result: no
configure:5317: checking for X11/extensions/XTest.h
configure:5324: result: no
configure:5411: checking for Xsetup file
configure:5448: result: no
configure:5457: checking for xinitrc file
configure:5480: result: /etc/X11/xinit/xinitrc
configure:5616: creating ./config.status

## ---------------------- ##
## Running config.status. ##
## ---------------------- ##

This file was extended by config.status, which was
generated by GNU Autoconf 2.63.  Invocation command line was

  CONFIG_FILES    = 
  CONFIG_HEADERS  = 
  CONFIG_LINKS    = 
  CONFIG_COMMANDS = 
  $ ./config.status 

on probotix-desktop

config.status:785: creating Makefile
config.status:785: creating config.h
config.status:1007: config.h is unchanged
config.status:1059: executing depfiles commands

## ---------------- ##
## Cache variables. ##
## ---------------- ##

ac_cv_c_compiler_gnu=yes
ac_cv_env_CC_set=
ac_cv_env_CC_value=
ac_cv_env_CFLAGS_set=
ac_cv_env_CFLAGS_value=
ac_cv_env_CPPFLAGS_set=
ac_cv_env_CPPFLAGS_value=
ac_cv_env_CPP_set=
ac_cv_env_CPP_value=
ac_cv_env_LDFLAGS_set=
ac_cv_env_LDFLAGS_value=
ac_cv_env_LIBS_set=
ac_cv_env_LIBS_value=
ac_cv_env_XMKMF_set=
ac_cv_env_XMKMF_value=
ac_cv_env_build_alias_set=
ac_cv_env_build_alias_value=
ac_cv_env_host_alias_set=
ac_cv_env_host_alias_value=
ac_cv_env_target_alias_set=
ac_cv_env_target_alias_value=
ac_cv_have_x='have_x=yes	ac_x_includes='\'''\''	ac_x_libraries='\'''\'''
ac_cv_header_X11_XKBlib_h=yes
ac_cv_header_X11_extensions_XTest_h=no
ac_cv_header_inttypes_h=yes
ac_cv_header_memory_h=yes
ac_cv_header_stdc=yes
ac_cv_header_stdint_h=yes
ac_cv_header_stdlib_h=yes
ac_cv_header_string_h=yes
ac_cv_header_strings_h=yes
ac_cv_header_sys_stat_h=yes
ac_cv_header_sys_types_h=yes
ac_cv_header_unistd_h=yes
ac_cv_lib_ICE_IceConnectionNumber=yes
ac_cv_lib_Xext_XkbLockModifiers=yes
ac_cv_objext=o
ac_cv_path_EGREP='/bin/grep -E'
ac_cv_path_GREP=/bin/grep
ac_cv_path_ac_prefix_program=/usr/bin/X
ac_cv_path_install='/usr/bin/install -c'
ac_cv_path_mkdir=/bin/mkdir
ac_cv_prog_AWK=gawk
ac_cv_prog_CPP='gcc -E'
ac_cv_prog_ac_ct_CC=gcc
ac_cv_prog_ac_ct_RANLIB=ranlib
ac_cv_prog_cc_c89=
ac_cv_prog_cc_g=yes
ac_cv_prog_make_make_set=yes
am_cv_CC_dependencies_compiler_type=gcc3
kde_cv_have_libXext=yes

## ----------------- ##
## Output variables. ##
## ----------------- ##

ACLOCAL='${SHELL} /media/ZEUS/.numlockx/missing --run aclocal-1.11'
AMDEPBACKSLASH='\'
AMDEP_FALSE='#'
AMDEP_TRUE=''
AMTAR='${SHELL} /media/ZEUS/.numlockx/missing --run tar'
AUTOCONF='${SHELL} /media/ZEUS/.numlockx/missing --run autoconf'
AUTOHEADER='${SHELL} /media/ZEUS/.numlockx/missing --run autoheader'
AUTOMAKE='${SHELL} /media/ZEUS/.numlockx/missing --run automake-1.11'
AWK='gawk'
CC='gcc'
CCDEPMODE='depmode=gcc3'
CFLAGS='-g -O2'
CPP='gcc -E'
CPPFLAGS=''
CYGPATH_W='echo'
DEFS='-DHAVE_CONFIG_H'
DEPDIR='.deps'
ECHO_C=''
ECHO_N='-n'
ECHO_T=''
EGREP='/bin/grep -E'
EXEEXT=''
GREP='/bin/grep'
INSTALL_DATA='${INSTALL} -m 644'
INSTALL_PROGRAM='${INSTALL}'
INSTALL_SCRIPT='${INSTALL}'
INSTALL_STRIP_PROGRAM='$(install_sh) -c -s'
LDFLAGS=''
LIBOBJS=''
LIBS=''
LIBSM=' -lSM'
LIB_X11='-lX11 $(LIBSOCKET)'
LTLIBOBJS=''
MAKEINFO='${SHELL} /media/ZEUS/.numlockx/missing --run makeinfo'
MKDIR_P='/bin/mkdir -p'
OBJEXT='o'
PACKAGE='numlockx'
PACKAGE_BUGREPORT=''
PACKAGE_NAME=''
PACKAGE_STRING=''
PACKAGE_TARNAME=''
PACKAGE_VERSION=''
PATH_SEPARATOR=':'
RANLIB='ranlib'
SET_MAKE=''
SHELL='/bin/bash'
STRIP=''
VERSION='1.2'
XMKMF=''
XTESTLIB=''
X_INCLUDES=''
X_LDFLAGS=''
X_PRE_LIBS=''
ac_ct_CC='gcc'
ac_prefix_program='/usr/bin/X'
am__EXEEXT_FALSE=''
am__EXEEXT_TRUE='#'
am__fastdepCC_FALSE='#'
am__fastdepCC_TRUE=''
am__include='include'
am__isrc=''
am__leading_dot='.'
am__quote=''
am__tar='${AMTAR} chof - "$$tardir"'
am__untar='${AMTAR} xf -'
bindir='${exec_prefix}/bin'
build_alias=''
datadir='${datarootdir}'
datarootdir='${prefix}/share'
docdir='${datarootdir}/doc/${PACKAGE}'
dvidir='${docdir}'
exec_prefix='${prefix}'
host_alias=''
htmldir='${docdir}'
includedir='${prefix}/include'
infodir='${datarootdir}/info'
install_sh='${SHELL} /media/ZEUS/.numlockx/install-sh'
libdir='${exec_prefix}/lib'
libexecdir='${exec_prefix}/libexec'
localedir='${datarootdir}/locale'
localstatedir='${prefix}/var'
mandir='${datarootdir}/man'
mkdir_p='/bin/mkdir -p'
oldincludedir='/usr/include'
pdfdir='${docdir}'
prefix='/usr'
program_transform_name='s,x,x,'
psdir='${docdir}'
sbindir='${exec_prefix}/sbin'
sharedstatedir='${prefix}/com'
sysconfdir='${prefix}/etc'
target_alias=''
x_includes='.'
x_libraries='/usr/lib'
xinitrc='/etc/X11/xinit/xinitrc'
xsetup=''

## ----------- ##
## confdefs.h. ##
## ----------- ##

#define PACKAGE_NAME ""
#define PACKAGE_TARNAME ""
#define PACKAGE_VERSION ""
#define PACKAGE_STRING ""
#define PACKAGE_BUGREPORT ""
#define PACKAGE "numlockx"
#define VERSION "1.2"
#define STDC_HEADERS 1
#define HAVE_SYS_TYPES_H 1
#define HAVE_SYS_STAT_H 1
#define HAVE_STDLIB_H 1
#define HAVE_STRING_H 1
#define HAVE_MEMORY_H 1
#define HAVE_STRINGS_H 1
#define HAVE_INTTYPES_H 1
#define HAVE_STDINT_H 1
#define HAVE_UNISTD_H 1
#define HAVE_XKB 1

configure: exit 0
